<?xml version="1.0" encoding="UTF-8"?>
<!-- Generated by org.testng.reporters.JUnitXMLReporter -->
<testsuite hostname="DESKTOP-CU7FF5S" ignored="0" name="Login" tests="5" failures="0" timestamp="2021-08-17T01:38:43 IST" time="58.2" errors="0">
  <testcase name="f" time="3.918" classname="login.RunnerLogin"/>
  <testcase name="f" time="1.655" classname="login.RunnerLogin"/>
  <testcase name="f" time="1.615" classname="login.RunnerLogin"/>
  <testcase name="f" time="1.468" classname="login.RunnerLogin"/>
  <testcase name="f" time="1.392" classname="login.RunnerLogin"/>
</testsuite> <!-- Login -->
