<?xml version="1.0" encoding="UTF-8"?>
<!-- Generated by org.testng.reporters.JUnitXMLReporter -->
<testsuite hostname="DESKTOP-CU7FF5S" ignored="0" name="OneWay" tests="3" failures="0" timestamp="2021-08-17T01:41:13 IST" time="149.53" errors="0">
  <testcase name="searchFlights" time="12.542" classname="oneway.RunnerOneWay"/>
  <testcase name="searchFlights" time="80.214" classname="oneway.RunnerOneWay"/>
  <testcase name="searchFlights" time="27.875" classname="oneway.RunnerOneWay"/>
</testsuite> <!-- OneWay -->
