<?xml version="1.0" encoding="UTF-8"?>
<!-- Generated by org.testng.reporters.JUnitXMLReporter -->
<testsuite hostname="DESKTOP-CU7FF5S" ignored="0" name="RoundTrip" tests="4" failures="4" timestamp="2021-08-17T01:42:15 IST" time="62.341" errors="0">
  <testcase name="searchFlights" time="5.864" classname="roundtrip.RunnerRoundTrip">
    <failure type="java.lang.AssertionError" message="expected [Chennai] but found [Delhi]">
      <![CDATA[java.lang.AssertionError: expected [Chennai] but found [Delhi]
at roundtrip.RunnerRoundTrip.searchFlights(RunnerRoundTrip.java:83)
at java.util.ArrayList.forEach(Unknown Source)
... Removed 33 stack frames]]>
    </failure>
  </testcase> <!-- searchFlights -->
  <testcase name="searchFlights" time="5.456" classname="roundtrip.RunnerRoundTrip">
    <failure type="java.lang.AssertionError" message="expected [Chennai] but found [Mumbai]">
      <![CDATA[java.lang.AssertionError: expected [Chennai] but found [Mumbai]
at roundtrip.RunnerRoundTrip.searchFlights(RunnerRoundTrip.java:83)
at java.util.ArrayList.forEach(Unknown Source)
... Removed 33 stack frames]]>
    </failure>
  </testcase> <!-- searchFlights -->
  <testcase name="searchFlights" time="5.978" classname="roundtrip.RunnerRoundTrip">
    <failure type="java.lang.AssertionError" message="expected [Chennai] but found [12234.0]">
      <![CDATA[java.lang.AssertionError: expected [Chennai] but found [12234.0]
at roundtrip.RunnerRoundTrip.searchFlights(RunnerRoundTrip.java:83)
at java.util.ArrayList.forEach(Unknown Source)
... Removed 33 stack frames]]>
    </failure>
  </testcase> <!-- searchFlights -->
  <testcase name="searchFlights" time="4.878" classname="roundtrip.RunnerRoundTrip">
    <failure type="java.lang.AssertionError" message="expected [Mumbai] but found [12223.0]">
      <![CDATA[java.lang.AssertionError: expected [Mumbai] but found [12223.0]
at roundtrip.RunnerRoundTrip.searchFlights(RunnerRoundTrip.java:76)
at java.util.ArrayList.forEach(Unknown Source)
... Removed 33 stack frames]]>
    </failure>
  </testcase> <!-- searchFlights -->
</testsuite> <!-- RoundTrip -->
