<?xml version="1.0" encoding="UTF-8"?>
<!-- Generated by org.testng.reporters.JUnitXMLReporter -->
<testsuite hostname="DESKTOP-CU7FF5S" ignored="0" name="SignUp" tests="5" failures="1" timestamp="2021-08-17T01:37:45 IST" time="77.414" errors="0">
  <testcase name="signup" time="7.051" classname="signup.RunnerSignup"/>
  <testcase name="signup" time="1.152" classname="signup.RunnerSignup">
    <failure type="java.lang.AssertionError" message="Email id should contain @ expected [true] but found [false]">
      <![CDATA[java.lang.AssertionError: Email id should contain @ expected [true] but found [false]
at signup.RunnerSignup.signup(RunnerSignup.java:56)
at java.util.ArrayList.forEach(Unknown Source)
... Removed 30 stack frames]]>
    </failure>
  </testcase> <!-- signup -->
  <testcase name="signup" time="5.176" classname="signup.RunnerSignup"/>
  <testcase name="signup" time="5.367" classname="signup.RunnerSignup"/>
  <testcase name="signup" time="5.197" classname="signup.RunnerSignup"/>
</testsuite> <!-- SignUp -->
