<?xml version="1.0" encoding="UTF-8"?>
<testng-results skipped="0" failed="0" ignored="0" total="4" passed="4">
  <reporter-output>
  </reporter-output>
  <suite name="Default suite" duration-ms="6462" started-at="2021-08-12T15:38:31 IST" finished-at="2021-08-12T15:38:38 IST">
    <groups>
    </groups>
    <test name="Default test" duration-ms="6462" started-at="2021-08-12T15:38:31 IST" finished-at="2021-08-12T15:38:38 IST">
      <class name="login.LoginData">
        <test-method status="PASS" signature="beforeTest()[pri:0, instance:login.LoginData@42f93a98]" name="beforeTest" is-config="true" duration-ms="5295" started-at="2021-08-12T15:38:31 IST" finished-at="2021-08-12T15:38:36 IST">
          <reporter-output>
          </reporter-output>
        </test-method> <!-- beforeTest -->
        <test-method status="PASS" signature="f(java.lang.String,java.lang.String)[pri:0, instance:login.LoginData@42f93a98]" name="f" duration-ms="13" started-at="2021-08-12T15:38:38 IST" data-provider="dp" finished-at="2021-08-12T15:38:38 IST">
          <params>
            <param index="0">
              <value>
                <![CDATA[email]]>
              </value>
            </param>
            <param index="1">
              <value>
                <![CDATA[password]]>
              </value>
            </param>
          </params>
          <reporter-output>
          </reporter-output>
        </test-method> <!-- f -->
        <test-method status="PASS" signature="f(java.lang.String,java.lang.String)[pri:0, instance:login.LoginData@42f93a98]" name="f" duration-ms="1" started-at="2021-08-12T15:38:38 IST" data-provider="dp" finished-at="2021-08-12T15:38:38 IST">
          <params>
            <param index="0">
              <value>
                <![CDATA[mirtaimur7@gmail.com]]>
              </value>
            </param>
            <param index="1">
              <value>
                <![CDATA[taimur123]]>
              </value>
            </param>
          </params>
          <reporter-output>
          </reporter-output>
        </test-method> <!-- f -->
        <test-method status="PASS" signature="f(java.lang.String,java.lang.String)[pri:0, instance:login.LoginData@42f93a98]" name="f" duration-ms="2" started-at="2021-08-12T15:38:38 IST" data-provider="dp" finished-at="2021-08-12T15:38:38 IST">
          <params>
            <param index="0">
              <value>
                <![CDATA[mirtaimur7@gmail.com]]>
              </value>
            </param>
            <param index="1">
              <value>
                <![CDATA[abcd1234]]>
              </value>
            </param>
          </params>
          <reporter-output>
          </reporter-output>
        </test-method> <!-- f -->
        <test-method status="PASS" signature="f(java.lang.String,java.lang.String)[pri:0, instance:login.LoginData@42f93a98]" name="f" duration-ms="1" started-at="2021-08-12T15:38:38 IST" data-provider="dp" finished-at="2021-08-12T15:38:38 IST">
          <params>
            <param index="0">
              <value>
                <![CDATA[taimur@gmail.com]]>
              </value>
            </param>
            <param index="1">
              <value>
                <![CDATA[taimur123]]>
              </value>
            </param>
          </params>
          <reporter-output>
          </reporter-output>
        </test-method> <!-- f -->
        <test-method status="FAIL" signature="afterTest()[pri:0, instance:login.LoginData@42f93a98]" name="afterTest" is-config="true" duration-ms="1" started-at="2021-08-12T15:38:38 IST" finished-at="2021-08-12T15:38:38 IST">
          <exception class="java.lang.NullPointerException">
            <full-stacktrace>
              <![CDATA[java.lang.NullPointerException
at base.Base.afterTest(Base.java:33)
at sun.reflect.NativeMethodAccessorImpl.invoke0(Native Method)
at sun.reflect.NativeMethodAccessorImpl.invoke(Unknown Source)
at sun.reflect.DelegatingMethodAccessorImpl.invoke(Unknown Source)
at java.lang.reflect.Method.invoke(Unknown Source)
at org.testng.internal.MethodInvocationHelper.invokeMethod(MethodInvocationHelper.java:133)
at org.testng.internal.MethodInvocationHelper.invokeMethodConsideringTimeout(MethodInvocationHelper.java:62)
at org.testng.internal.ConfigInvoker.invokeConfigurationMethod(ConfigInvoker.java:385)
at org.testng.internal.ConfigInvoker.invokeConfigurations(ConfigInvoker.java:321)
at org.testng.TestRunner.invokeTestConfigurations(TestRunner.java:637)
at org.testng.TestRunner.afterRun(TestRunner.java:877)
at org.testng.TestRunner.run(TestRunner.java:599)
at org.testng.SuiteRunner.runTest(SuiteRunner.java:377)
at org.testng.SuiteRunner.runSequentially(SuiteRunner.java:371)
at org.testng.SuiteRunner.privateRun(SuiteRunner.java:332)
at org.testng.SuiteRunner.run(SuiteRunner.java:276)
at org.testng.SuiteRunnerWorker.runSuite(SuiteRunnerWorker.java:53)
at org.testng.SuiteRunnerWorker.run(SuiteRunnerWorker.java:96)
at org.testng.TestNG.runSuitesSequentially(TestNG.java:1212)
at org.testng.TestNG.runSuitesLocally(TestNG.java:1134)
at org.testng.TestNG.runSuites(TestNG.java:1063)
at org.testng.TestNG.run(TestNG.java:1031)
at org.testng.remote.AbstractRemoteTestNG.run(AbstractRemoteTestNG.java:115)
at org.testng.remote.RemoteTestNG.initAndRun(RemoteTestNG.java:251)
at org.testng.remote.RemoteTestNG.main(RemoteTestNG.java:77)
]]>
            </full-stacktrace>
          </exception> <!-- java.lang.NullPointerException -->
          <reporter-output>
          </reporter-output>
        </test-method> <!-- afterTest -->
      </class> <!-- login.LoginData -->
    </test> <!-- Default test -->
  </suite> <!-- Default suite -->
</testng-results>
